<?xml version="1.0" encoding="UTF-8"?>
<testng-results ignored="0" total="1" passed="1" failed="0" skipped="0">
  <reporter-output>
  </reporter-output>
  <suite started-at="2023-12-18T05:11:51Z" name="Data Driven Basics" finished-at="2023-12-18T05:11:54Z" duration-ms="3200">
    <groups>
    </groups>
    <test started-at="2023-12-18T05:11:51Z" name="LoginTest" finished-at="2023-12-18T05:11:54Z" duration-ms="3200">
      <class name="com.w2a.testcases.LoginTest">
        <test-method is-config="true" signature="setUp()[pri:0, instance:com.w2a.testcases.LoginTest@54504ecd]" started-at="2023-12-18T05:11:45Z" name="setUp" finished-at="2023-12-18T05:11:51Z" duration-ms="5742" status="PASS">
          <reporter-output>
          </reporter-output>
        </test-method> <!-- setUp -->
        <test-method signature="loginAsBankManager()[pri:0, instance:com.w2a.testcases.LoginTest@54504ecd]" started-at="2023-12-18T05:11:51Z" name="loginAsBankManager" finished-at="2023-12-18T05:11:54Z" duration-ms="3156" status="PASS">
          <reporter-output>
          </reporter-output>
        </test-method> <!-- loginAsBankManager -->
        <test-method is-config="true" signature="tearDown()[pri:0, instance:com.w2a.testcases.LoginTest@54504ecd]" started-at="2023-12-18T05:11:54Z" name="tearDown" finished-at="2023-12-18T05:11:55Z" duration-ms="257" status="PASS">
          <reporter-output>
          </reporter-output>
        </test-method> <!-- tearDown -->
      </class> <!-- com.w2a.testcases.LoginTest -->
    </test> <!-- LoginTest -->
  </suite> <!-- Data Driven Basics -->
</testng-results>
